<?xml version="1.0" encoding="UTF-8"?>
<testng-results ignored="0" total="1" passed="1" failed="0" skipped="0">
  <reporter-output>
  </reporter-output>
  <suite started-at="2022-07-11T06:53:15 IST" name="Default suite" finished-at="2022-07-11T06:53:27 IST" duration-ms="11839">
    <groups>
    </groups>
    <test started-at="2022-07-11T06:53:15 IST" name="Default test" finished-at="2022-07-11T06:53:27 IST" duration-ms="11839">
      <class name="scripts.Testcase1">
        <test-method is-config="true" signature="openAPP()[pri:0, instance:scripts.Testcase1@57c758ac]" started-at="2022-07-11T06:53:15 IST" name="openAPP" finished-at="2022-07-11T06:53:21 IST" duration-ms="6246" status="PASS">
          <reporter-output>
          </reporter-output>
        </test-method> <!-- openAPP -->
        <test-method signature="tc1()[pri:0, instance:scripts.Testcase1@57c758ac]" started-at="2022-07-11T06:53:21 IST" name="tc1" finished-at="2022-07-11T06:53:27 IST" duration-ms="5202" status="PASS">
          <reporter-output>
          </reporter-output>
        </test-method> <!-- tc1 -->
        <test-method is-config="true" signature="closeApp(org.testng.ITestResult)[pri:0, instance:scripts.Testcase1@57c758ac]" started-at="2022-07-11T06:53:27 IST" name="closeApp" finished-at="2022-07-11T06:53:27 IST" duration-ms="349" status="PASS">
          <params>
            <param index="0">
              <value>
                <![CDATA[[TestResult name=tc1 status=SUCCESS method=Testcase1.tc1()[pri:0, instance:scripts.Testcase1@57c758ac] output={null}]]]>
              </value>
            </param>
          </params>
          <reporter-output>
          </reporter-output>
        </test-method> <!-- closeApp -->
      </class> <!-- scripts.Testcase1 -->
    </test> <!-- Default test -->
  </suite> <!-- Default suite -->
</testng-results>
